{"level":"warn","message":"Acceso a ruta inexistente /asdas/assa con el método GET"}
{"level":"warn","message":"Acceso a ruta inexistente /dsad/saddsad/asd con el método GET"}
{"level":"warn","message":"Acceso a ruta inexistente /img/cajaEdificiosLocos.png con el método GET"}
{"level":"warn","message":"Acceso a ruta inexistente /img/cajaRobomeke.png con el método GET"}
{"level":"warn","message":"Acceso a ruta inexistente /img/cajaPanc%C3%BA.png con el método GET"}
{"level":"warn","message":"Acceso a ruta inexistente /img/cajaRoliwar.png con el método GET"}
{"level":"warn","message":"Fallo en el login: usuario no encontrado con el username ad@ad"}
{"level":"warn","message":"Acceso a ruta inexistente /api/randoms con el método GET"}
{"level":"warn","message":"Acceso a ruta inexistente / con el método GET"}
{"level":"warn","message":"Acceso a ruta inexistente / con el método GET"}
{"level":"warn","message":"Acceso a ruta inexistente / con el método GET"}
{"level":"warn","message":"Acceso a ruta inexistente / con el método GET"}
{"level":"warn","message":"Acceso a ruta inexistente / con el método GET"}
{"level":"warn","message":"Acceso a ruta inexistente / con el método GET"}
{"level":"warn","message":"Acceso a ruta inexistente / con el método GET"}
{"level":"warn","message":"Acceso a ruta inexistente / con el método GET"}
{"level":"warn","message":"Acceso a ruta inexistente / con el método GET"}
{"level":"warn","message":"Acceso a ruta inexistente / con el método GET"}
{"level":"warn","message":"Acceso a ruta inexistente / con el método GET"}
{"level":"warn","message":"Acceso a ruta inexistente / con el método GET"}
{"level":"warn","message":"Acceso a ruta inexistente / con el método GET"}
{"level":"warn","message":"Acceso a ruta inexistente / con el método GET"}
{"level":"warn","message":"Acceso a ruta inexistente / con el método GET"}
{"level":"warn","message":"Acceso a ruta inexistente / con el método GET"}
{"level":"warn","message":"Acceso a ruta inexistente / con el método GET"}
{"level":"warn","message":"Acceso a ruta inexistente / con el método GET"}
{"level":"warn","message":"Acceso a ruta inexistente / con el método GET"}
{"level":"warn","message":"Acceso a ruta inexistente / con el método GET"}
{"level":"warn","message":"Acceso a ruta inexistente / con el método GET"}
{"level":"warn","message":"Acceso a ruta inexistente / con el método GET"}
{"level":"warn","message":"Acceso a ruta inexistente / con el método GET"}
{"level":"warn","message":"Acceso a ruta inexistente / con el método GET"}
{"level":"warn","message":"Acceso a ruta inexistente / con el método GET"}
{"level":"warn","message":"Acceso a ruta inexistente / con el método GET"}
{"level":"warn","message":"Acceso a ruta inexistente / con el método GET"}
{"level":"warn","message":"Acceso a ruta inexistente / con el método GET"}
{"level":"warn","message":"Acceso a ruta inexistente / con el método GET"}
{"level":"warn","message":"Acceso a ruta inexistente / con el método GET"}
{"level":"warn","message":"Acceso a ruta inexistente / con el método GET"}
{"level":"warn","message":"Acceso a ruta inexistente / con el método GET"}
{"level":"warn","message":"Acceso a ruta inexistente / con el método GET"}
{"level":"warn","message":"Acceso a ruta inexistente / con el método GET"}
{"level":"warn","message":"Acceso a ruta inexistente / con el método GET"}
{"level":"warn","message":"Acceso a ruta inexistente / con el método GET"}
{"level":"warn","message":"Acceso a ruta inexistente / con el método GET"}
{"level":"warn","message":"Acceso a ruta inexistente / con el método GET"}
{"level":"warn","message":"Acceso a ruta inexistente / con el método GET"}
{"level":"warn","message":"Acceso a ruta inexistente / con el método GET"}
{"level":"warn","message":"Acceso a ruta inexistente / con el método GET"}
{"level":"warn","message":"Acceso a ruta inexistente / con el método GET"}
{"level":"warn","message":"Acceso a ruta inexistente / con el método GET"}
{"level":"warn","message":"Acceso a ruta inexistente / con el método GET"}
{"level":"warn","message":"Acceso a ruta inexistente / con el método GET"}
{"level":"warn","message":"Acceso a ruta inexistente / con el método GET"}
{"level":"warn","message":"Acceso a ruta inexistente / con el método GET"}
{"level":"warn","message":"Acceso a ruta inexistente / con el método GET"}
{"level":"warn","message":"Acceso a ruta inexistente / con el método GET"}
{"level":"warn","message":"Acceso a ruta inexistente / con el método GET"}
{"level":"warn","message":"Acceso a ruta inexistente / con el método GET"}
{"level":"warn","message":"Acceso a ruta inexistente / con el método GET"}
{"level":"warn","message":"Acceso a ruta inexistente / con el método GET"}
{"level":"warn","message":"Acceso a ruta inexistente / con el método GET"}
{"level":"warn","message":"Acceso a ruta inexistente / con el método GET"}
{"level":"warn","message":"Acceso a ruta inexistente / con el método GET"}
{"level":"warn","message":"Acceso a ruta inexistente / con el método GET"}
{"level":"warn","message":"Acceso a ruta inexistente / con el método GET"}
{"level":"warn","message":"Acceso a ruta inexistente / con el método GET"}
{"level":"warn","message":"Acceso a ruta inexistente / con el método GET"}
{"level":"warn","message":"Acceso a ruta inexistente / con el método GET"}
{"level":"warn","message":"Acceso a ruta inexistente / con el método GET"}
{"level":"warn","message":"Acceso a ruta inexistente / con el método GET"}
{"level":"warn","message":"Acceso a ruta inexistente / con el método GET"}
{"level":"warn","message":"Acceso a ruta inexistente / con el método GET"}
{"level":"warn","message":"Acceso a ruta inexistente / con el método GET"}
{"level":"warn","message":"Acceso a ruta inexistente / con el método GET"}
{"level":"warn","message":"Acceso a ruta inexistente / con el método GET"}
{"level":"warn","message":"Acceso a ruta inexistente / con el método GET"}
{"level":"warn","message":"Acceso a ruta inexistente / con el método GET"}
{"level":"warn","message":"Acceso a ruta inexistente / con el método GET"}
{"level":"warn","message":"Acceso a ruta inexistente / con el método GET"}
{"level":"warn","message":"Acceso a ruta inexistente / con el método GET"}
{"level":"warn","message":"Acceso a ruta inexistente / con el método GET"}
{"level":"warn","message":"Acceso a ruta inexistente / con el método GET"}
{"level":"warn","message":"Acceso a ruta inexistente / con el método GET"}
{"level":"warn","message":"Acceso a ruta inexistente / con el método GET"}
{"level":"warn","message":"Acceso a ruta inexistente / con el método GET"}
{"level":"warn","message":"Acceso a ruta inexistente / con el método GET"}
{"level":"warn","message":"Acceso a ruta inexistente / con el método GET"}
{"kind":"ObjectId","level":"error","message":"No es posible obtener el elemento buscado de la base de datos  Cast to ObjectId failed for value \"index.js\" (type string) at path \"_id\" for model \"Product\"","path":"_id","reason":{},"stack":"CastError: Cast to ObjectId failed for value \"index.js\" (type string) at path \"_id\" for model \"Product\"\n    at model.Query.exec (D:\\carreraFullStack\\4 - BackEnd\\Ejercicios\\19 - Arquitectura de Capas\\node_modules\\mongoose\\lib\\query.js:4913:21)\n    at model.Query.Query.then (D:\\carreraFullStack\\4 - BackEnd\\Ejercicios\\19 - Arquitectura de Capas\\node_modules\\mongoose\\lib\\query.js:5012:15)\n    at processTicksAndRejections (node:internal/process/task_queues:96:5)","stringValue":"\"index.js\"","value":"index.js","valueType":"string"}
{"kind":"ObjectId","level":"error","message":"No es posible obtener el elemento buscado de la base de datos  Cast to ObjectId failed for value \"index.js\" (type string) at path \"_id\" for model \"Product\"","path":"_id","reason":{},"stack":"CastError: Cast to ObjectId failed for value \"index.js\" (type string) at path \"_id\" for model \"Product\"\n    at model.Query.exec (D:\\carreraFullStack\\4 - BackEnd\\Ejercicios\\19 - Arquitectura de Capas\\node_modules\\mongoose\\lib\\query.js:4913:21)\n    at model.Query.Query.then (D:\\carreraFullStack\\4 - BackEnd\\Ejercicios\\19 - Arquitectura de Capas\\node_modules\\mongoose\\lib\\query.js:5012:15)\n    at processTicksAndRejections (node:internal/process/task_queues:96:5)","stringValue":"\"index.js\"","value":"index.js","valueType":"string"}
